c:\users\deepika\desktop\codeparser\metricsexecutive\x64\debug\vc140.pdb
c:\users\deepika\desktop\codeparser\metricsexecutive\x64\debug\vc140.idb
c:\users\deepika\desktop\codeparser\metricsexecutive\x64\debug\astnode.obj
c:\users\deepika\desktop\codeparser\metricsexecutive\x64\debug\astree.obj
c:\users\deepika\desktop\codeparser\metricsexecutive\x64\debug\filesystem.obj
c:\users\deepika\desktop\codeparser\metricsexecutive\x64\debug\metricsanalysis.obj
c:\users\deepika\desktop\codeparser\metricsexecutive\x64\debug\actionsandrules.obj
c:\users\deepika\desktop\codeparser\metricsexecutive\x64\debug\configureparser.obj
c:\users\deepika\desktop\codeparser\metricsexecutive\x64\debug\parser.obj
c:\users\deepika\desktop\codeparser\metricsexecutive\x64\debug\scopestack.obj
c:\users\deepika\desktop\codeparser\metricsexecutive\x64\debug\semiexp.obj
c:\users\deepika\desktop\codeparser\metricsexecutive\x64\debug\tokenizer.obj
c:\users\deepika\desktop\codeparser\metricsexecutive\x64\debug\utilities.obj
c:\users\deepika\desktop\codeparser\metricsexecutive\x64\debug\metricsexecutive.obj
c:\users\deepika\desktop\codeparser\x64\debug\metricsexecutive.ilk
c:\users\deepika\desktop\codeparser\x64\debug\metricsexecutive.exe
c:\users\deepika\desktop\codeparser\x64\debug\metricsexecutive.pdb
c:\users\deepika\desktop\codeparser\metricsexecutive\x64\debug\metricsexecutive.tlog\cl.command.1.tlog
c:\users\deepika\desktop\codeparser\metricsexecutive\x64\debug\metricsexecutive.tlog\cl.read.1.tlog
c:\users\deepika\desktop\codeparser\metricsexecutive\x64\debug\metricsexecutive.tlog\cl.write.1.tlog
c:\users\deepika\desktop\codeparser\metricsexecutive\x64\debug\metricsexecutive.tlog\link.command.1.tlog
c:\users\deepika\desktop\codeparser\metricsexecutive\x64\debug\metricsexecutive.tlog\link.read.1.tlog
c:\users\deepika\desktop\codeparser\metricsexecutive\x64\debug\metricsexecutive.tlog\link.write.1.tlog
